<?xml version="1.0" encoding="UTF-8"?>
<!-- Generated by org.testng.reporters.JUnitReportReporter -->
<testsuite hostname="Saryu-PC" failures="0" tests="1" name="firstdemo8.TC01_Login" time="15.229" errors="0" timestamp="2019-12-03T10:53:01 IST" skipped="0">
  <testcase classname="firstdemo8.TC01_Login" name="Login_Test" time="15.229"/>
</testsuite> <!-- firstdemo8.TC01_Login -->
