<?xml version="1.0" encoding="UTF-8"?>
<!-- Generated by org.testng.reporters.JUnitReportReporter -->
<testsuite hostname="Saryu-PC" failures="0" tests="1" name="Day_018_Waits.TC04_Thread_Sleep" time="30.211" errors="0" timestamp="2019-11-23T16:31:27 IST" skipped="0">
  <testcase classname="Day_018_Waits.TC04_Thread_Sleep" name="Login_Test" time="30.211"/>
</testsuite> <!-- Day_018_Waits.TC04_Thread_Sleep -->
