<?xml version="1.0" encoding="UTF-8"?>
<!-- Generated by org.testng.reporters.JUnitReportReporter -->
<testsuite hostname="Saryu-PC" failures="0" tests="1" name="FirstDemo9.TC01_Login" time="23.391" errors="0" timestamp="2019-12-01T15:26:54 IST" skipped="0">
  <testcase classname="FirstDemo9.TC01_Login" name="Login_Test" time="23.391"/>
</testsuite> <!-- FirstDemo9.TC01_Login -->
