<?xml version="1.0" encoding="UTF-8"?>
<!-- Generated by org.testng.reporters.JUnitReportReporter -->
<testsuite hostname="Saryu-PC" failures="0" tests="1" name="fristdemo4.tco4_login" time="15.244" errors="0" timestamp="2019-11-24T09:37:41 IST" skipped="0">
  <testcase classname="fristdemo4.tco4_login" name="Login_Test" time="15.244"/>
</testsuite> <!-- fristdemo4.tco4_login -->
