<?xml version="1.0" encoding="UTF-8"?>
<!-- Generated by org.testng.reporters.JUnitReportReporter -->
<testsuite hostname="Saryu-PC" failures="0" tests="6" name="Day_017_Priorities_Test.TC02_Without_Priority" time="34.239" errors="0" timestamp="2019-11-22T06:01:36 IST" skipped="0">
  <testcase classname="Day_017_Priorities_Test.TC02_Without_Priority" name="Test5_Logout" time="10.873"/>
  <testcase classname="Day_017_Priorities_Test.TC02_Without_Priority" name="Test3_Login" time="2.471"/>
  <testcase classname="Day_017_Priorities_Test.TC02_Without_Priority" name="Test1_OpenChromeBrowser" time="9.707"/>
  <testcase classname="Day_017_Priorities_Test.TC02_Without_Priority" name="Test2_OpenOrangeHRM" time="3.729"/>
  <testcase classname="Day_017_Priorities_Test.TC02_Without_Priority" name="Test4_Addnatialities" time="6.796"/>
  <testcase classname="Day_017_Priorities_Test.TC02_Without_Priority" name="Test6_closebrowser" time="0.663"/>
</testsuite> <!-- Day_017_Priorities_Test.TC02_Without_Priority -->
