<?xml version="1.0" encoding="UTF-8"?>
<!-- Generated by org.testng.reporters.JUnitReportReporter -->
<testsuite hostname="Saryu-PC" failures="0" tests="1" name="Day_024_Advanced_Xpaths.TC005_Contains" time="30.183" errors="0" timestamp="2019-12-03T06:36:51 IST" skipped="0">
  <testcase classname="Day_024_Advanced_Xpaths.TC005_Contains" name="Test1" time="30.183"/>
</testsuite> <!-- Day_024_Advanced_Xpaths.TC005_Contains -->
