<?xml version="1.0" encoding="UTF-8"?>
<!-- Generated by org.testng.reporters.JUnitReportReporter -->
<testsuite hostname="Saryu-PC" failures="0" tests="1" name="FirstDemo7.TC01_Login" time="12.245" errors="0" timestamp="2019-12-01T14:38:42 IST" skipped="0">
  <testcase classname="FirstDemo7.TC01_Login" name="logintest" time="12.245"/>
</testsuite> <!-- FirstDemo7.TC01_Login -->
