<?xml version="1.0" encoding="UTF-8"?>
<!-- Generated by org.testng.reporters.JUnitReportReporter -->
<testsuite hostname="Saryu-PC" failures="0" tests="1" name="Day_017_ParallelTests1.TC02_Add_Jobs" time="20.789" errors="0" timestamp="2019-12-06T05:08:12 IST" skipped="0">
  <testcase classname="Day_017_ParallelTests1.TC02_Add_Jobs" name="login_test1" time="20.789"/>
</testsuite> <!-- Day_017_ParallelTests1.TC02_Add_Jobs -->
