<?xml version="1.0" encoding="UTF-8"?>
<!-- Generated by org.testng.reporters.JUnitReportReporter -->
<testsuite hostname="Saryu-PC" failures="0" tests="1" name="Day_023_File_Upload_Download.FileDownLoad" time="32.099" errors="0" timestamp="2019-11-29T06:46:18 IST" skipped="0">
  <testcase classname="Day_023_File_Upload_Download.FileDownLoad" name="File_Download" time="32.099"/>
</testsuite> <!-- Day_023_File_Upload_Download.FileDownLoad -->
