<?xml version="1.0" encoding="UTF-8"?>
<!-- Generated by org.testng.reporters.JUnitReportReporter -->
<testsuite hostname="Saryu-PC" failures="0" tests="1" name="FirstDemo14.TC01_Login12" time="10.137" errors="0" timestamp="2019-11-28T20:56:30 IST" skipped="0">
  <testcase classname="FirstDemo14.TC01_Login12" name="login1" time="10.137"/>
</testsuite> <!-- FirstDemo14.TC01_Login12 -->
