<?xml version="1.0" encoding="UTF-8"?>
<!-- Generated by org.testng.reporters.JUnitReportReporter -->
<testsuite hostname="Saryu-PC" failures="0" tests="1" name="firstdemo8.tc_static" time="16.997" errors="0" timestamp="2019-11-28T10:11:56 IST" skipped="0">
  <testcase classname="firstdemo8.tc_static" name="Login_Test" time="16.997"/>
</testsuite> <!-- firstdemo8.tc_static -->
