<?xml version="1.0" encoding="UTF-8"?>
<!-- Generated by org.testng.reporters.JUnitReportReporter -->
<testsuite hostname="Saryu-PC" failures="0" tests="1" name="firstdemo8.tc_staticparameters4" time="16.743" errors="0" timestamp="2019-11-29T10:05:07 IST" skipped="0">
  <testcase classname="firstdemo8.tc_staticparameters4" name="Login_Test" time="16.743"/>
</testsuite> <!-- firstdemo8.tc_staticparameters4 -->
