<?xml version="1.0" encoding="UTF-8"?>
<!-- Generated by org.testng.reporters.JUnitReportReporter -->
<testsuite hostname="Saryu-PC" failures="0" tests="1" name="Day_017_ParallelTests1.TC01_Add_Nationalities" time="36.631" errors="0" timestamp="2019-12-06T05:08:11 IST" skipped="0">
  <testcase classname="Day_017_ParallelTests1.TC01_Add_Nationalities" name="Open_OrangeHRM" time="36.631"/>
</testsuite> <!-- Day_017_ParallelTests1.TC01_Add_Nationalities -->
