<?xml version="1.0" encoding="UTF-8"?>
<!-- Generated by org.testng.reporters.JUnitReportReporter -->
<testsuite hostname="Saryu-PC" failures="0" tests="1" name="Day_001_Demo.TC01_Login" time="23.725" errors="0" timestamp="2019-11-26T20:34:45 IST" skipped="0">
  <testcase classname="Day_001_Demo.TC01_Login" name="login_test" time="23.725"/>
</testsuite> <!-- Day_001_Demo.TC01_Login -->
