<?xml version="1.0" encoding="UTF-8"?>
<!-- Generated by org.testng.reporters.JUnitReportReporter -->
<testsuite hostname="Saryu-PC" failures="0" tests="1" name="Day_008_Emailable_Report.TestExample1" time="7.372" errors="0" timestamp="2019-11-18T06:22:34 IST" skipped="0">
  <testcase classname="Day_008_Emailable_Report.TestExample1" name="Test2" time="7.372"/>
</testsuite> <!-- Day_008_Emailable_Report.TestExample1 -->
