<?xml version="1.0" encoding="UTF-8"?>
<!-- Generated by org.testng.reporters.JUnitReportReporter -->
<testsuite hostname="Saryu-PC" failures="0" tests="1" name="Day_015_ParallelTests.MercuryTest" time="9.035" errors="0" timestamp="2019-11-22T11:25:27 IST" skipped="0">
  <testcase classname="Day_015_ParallelTests.MercuryTest" name="Open_Mercury" time="9.035"/>
</testsuite> <!-- Day_015_ParallelTests.MercuryTest -->
