<?xml version="1.0" encoding="UTF-8"?>
<!-- Generated by org.testng.reporters.JUnitReportReporter -->
<testsuite hostname="Saryu-PC" failures="0" tests="3" name="firstdemo6.tco4_data_Provider" time="58.331" errors="0" timestamp="2019-12-03T20:19:49 IST" skipped="0">
  <testcase classname="firstdemo6.tco4_data_Provider" name="loginTest" time="19.732"/>
  <testcase classname="firstdemo6.tco4_data_Provider" name="loginTest" time="18.850"/>
  <testcase classname="firstdemo6.tco4_data_Provider" name="loginTest" time="19.749"/>
</testsuite> <!-- firstdemo6.tco4_data_Provider -->
