<?xml version="1.0" encoding="UTF-8"?>
<!-- Generated by org.testng.reporters.JUnitReportReporter -->
<testsuite hostname="Saryu-PC" failures="0" tests="2" name="Day_012_TestNG_Paraneters.TC02_Login_Static_Paarameters1" time="46.211" errors="0" timestamp="2019-11-22T11:15:18 IST" skipped="0">
  <testcase classname="Day_012_TestNG_Paraneters.TC02_Login_Static_Paarameters1" name="Login_Test" time="24.606"/>
  <testcase classname="Day_012_TestNG_Paraneters.TC02_Login_Static_Paarameters1" name="Login_Test" time="21.605"/>
</testsuite> <!-- Day_012_TestNG_Paraneters.TC02_Login_Static_Paarameters1 -->
