<?xml version="1.0" encoding="UTF-8"?>
<!-- Generated by org.testng.reporters.JUnitReportReporter -->
<testsuite hostname="Saryu-PC" failures="0" tests="1" name="Day_009_Custimize_EmailableReport_Lab1.TC01_Test" time="17.016" errors="0" timestamp="2019-11-23T16:02:29 IST" skipped="0">
  <testcase classname="Day_009_Custimize_EmailableReport_Lab1.TC01_Test" name="TC01_Report_Test" time="17.016"/>
</testsuite> <!-- Day_009_Custimize_EmailableReport_Lab1.TC01_Test -->
