<?xml version="1.0" encoding="UTF-8"?>
<!-- Generated by org.testng.reporters.JUnitReportReporter -->
<testsuite hostname="Saryu-PC" failures="0" tests="1" name="Day_018_Waits.TC03_Implicit_Wait" time="18.558" errors="0" timestamp="2019-11-23T16:28:45 IST" skipped="0">
  <testcase classname="Day_018_Waits.TC03_Implicit_Wait" name="Login_Test" time="18.558"/>
</testsuite> <!-- Day_018_Waits.TC03_Implicit_Wait -->
