<?xml version="1.0" encoding="UTF-8"?>
<!-- Generated by org.testng.reporters.JUnitReportReporter -->
<testsuite hostname="Saryu-PC" failures="0" tests="1" name="Day_027_Alerts.AlertDemo" time="30.646" errors="0" timestamp="2019-12-01T08:12:53 IST" skipped="0">
  <testcase classname="Day_027_Alerts.AlertDemo" name="testWebAlert" time="30.646"/>
</testsuite> <!-- Day_027_Alerts.AlertDemo -->
