<?xml version="1.0" encoding="UTF-8"?>
<!-- Generated by org.testng.reporters.JUnitReportReporter -->
<testsuite hostname="Saryu-PC" failures="0" tests="2" name="Day_034_TestNG_Listeners.TestCases" time="21.299" errors="0" timestamp="2019-11-14T04:17:21 IST" skipped="0">
  <testcase classname="Day_034_TestNG_Listeners.TestCases" name="Test1" time="21.289"/>
  <testcase classname="Day_034_TestNG_Listeners.TestCases" name="Test2" time="0.010"/>
</testsuite> <!-- Day_034_TestNG_Listeners.TestCases -->
