<?xml version="1.0" encoding="UTF-8"?>
<!-- Generated by org.testng.reporters.JUnitReportReporter -->
<testsuite hostname="Saryu-PC" failures="0" tests="1" name="FirstDemo1.TC01_Add_Skills" time="23.777" errors="0" timestamp="2019-11-30T20:01:53 IST" skipped="0">
  <testcase classname="FirstDemo1.TC01_Add_Skills" name="Login_Test" time="23.777"/>
</testsuite> <!-- FirstDemo1.TC01_Add_Skills -->
