<?xml version="1.0" encoding="UTF-8"?>
<!-- Generated by org.testng.reporters.JUnitReportReporter -->
<testsuite hostname="Saryu-PC" failures="0" tests="1" name="Day_021_Java_Script_Executer.TC03_Scroll_by_pixel" time="10.858" errors="0" timestamp="2019-11-28T06:30:59 IST" skipped="0">
  <testcase classname="Day_021_Java_Script_Executer.TC03_Scroll_by_pixel" name="ByPixel" time="10.858"/>
</testsuite> <!-- Day_021_Java_Script_Executer.TC03_Scroll_by_pixel -->
