<?xml version="1.0" encoding="UTF-8"?>
<!-- Generated by org.testng.reporters.JUnitReportReporter -->
<testsuite hostname="Saryu-PC" failures="0" tests="1" name="Day_024_Advanced_Xpaths.TC009_Preceding" time="15.620" errors="0" timestamp="2019-12-03T06:53:21 IST" skipped="0">
  <testcase classname="Day_024_Advanced_Xpaths.TC009_Preceding" name="Test1" time="15.620"/>
</testsuite> <!-- Day_024_Advanced_Xpaths.TC009_Preceding -->
