<?xml version="1.0" encoding="UTF-8"?>
<!-- Generated by org.testng.reporters.JUnitReportReporter -->
<testsuite hostname="Saryu-PC" failures="0" tests="1" name="Day_021_Java_Script_Executer.TC02_Send_Keys" time="17.749" errors="0" timestamp="2019-11-28T06:40:26 IST" skipped="0">
  <testcase classname="Day_021_Java_Script_Executer.TC02_Send_Keys" name="Login" time="17.749"/>
</testsuite> <!-- Day_021_Java_Script_Executer.TC02_Send_Keys -->
