<?xml version="1.0" encoding="UTF-8"?>
<!-- Generated by org.testng.reporters.JUnitReportReporter -->
<testsuite hostname="Saryu-PC" failures="0" tests="1" name="Day_019_Frames.Switch_By_FrameName" time="9.418" errors="0" timestamp="2019-11-23T16:52:41 IST" skipped="0">
  <testcase classname="Day_019_Frames.Switch_By_FrameName" name="Login_Test" time="9.418"/>
</testsuite> <!-- Day_019_Frames.Switch_By_FrameName -->
