<?xml version="1.0" encoding="UTF-8"?>
<!-- Generated by org.testng.reporters.JUnitReportReporter -->
<testsuite hostname="Saryu-PC" failures="0" tests="1" name="Day_033_TestNG_Annotations.AllTests" time="0.012" errors="0" timestamp="2019-12-08T07:09:29 IST" skipped="0">
  <testcase classname="Day_033_TestNG_Annotations.AllTests" name="Test4" time="0.012"/>
</testsuite> <!-- Day_033_TestNG_Annotations.AllTests -->
