<?xml version="1.0" encoding="UTF-8"?>
<!-- Generated by org.testng.reporters.JUnitReportReporter -->
<testsuite hostname="Saryu-PC" failures="0" tests="1" name="Day_002_Java.TC02_Login_NonStatic_Example" time="16.639" errors="0" timestamp="2019-11-27T09:05:30 IST" skipped="0">
  <testcase classname="Day_002_Java.TC02_Login_NonStatic_Example" name="Login_Test" time="16.639"/>
</testsuite> <!-- Day_002_Java.TC02_Login_NonStatic_Example -->
