<?xml version="1.0" encoding="UTF-8"?>
<!-- Generated by org.testng.reporters.JUnitReportReporter -->
<testsuite hostname="Saryu-PC" failures="0" tests="1" name="firstdemo8.tc_nonstaticparameters4" time="19.547" errors="0" timestamp="2019-11-29T09:56:09 IST" skipped="0">
  <testcase classname="firstdemo8.tc_nonstaticparameters4" name="Login_Test" time="19.547"/>
</testsuite> <!-- firstdemo8.tc_nonstaticparameters4 -->
