<?xml version="1.0" encoding="UTF-8"?>
<!-- Generated by org.testng.reporters.JUnitReportReporter -->
<testsuite hostname="Saryu-PC" failures="0" tests="1" name="Day_31_FailedTestCases.OrangeHRMTest" time="14.200" errors="0" timestamp="2019-12-08T07:16:45 IST" skipped="0">
  <testcase classname="Day_31_FailedTestCases.OrangeHRMTest" name="Open_OrangeHRM" time="14.200"/>
</testsuite> <!-- Day_31_FailedTestCases.OrangeHRMTest -->
