<?xml version="1.0" encoding="UTF-8"?>
<!-- Generated by org.testng.reporters.JUnitReportReporter -->
<testsuite hostname="Saryu-PC" failures="0" tests="1" name="Day_008_Emailable_Report.TestExample2_Browser" time="5.318" errors="0" timestamp="2019-11-23T15:38:40 IST" skipped="0">
  <testcase classname="Day_008_Emailable_Report.TestExample2_Browser" name="Test2" time="5.318"/>
</testsuite> <!-- Day_008_Emailable_Report.TestExample2_Browser -->
