<?xml version="1.0" encoding="UTF-8"?>
<!-- Generated by org.testng.reporters.JUnitReportReporter -->
<testsuite hostname="Saryu-PC" failures="0" tests="3" name="firstdemo6.tco4_Data_Provider6" time="50.810" errors="0" timestamp="2019-12-04T20:01:29 IST" skipped="0">
  <testcase classname="firstdemo6.tco4_Data_Provider6" name="loginTest" time="16.464"/>
  <testcase classname="firstdemo6.tco4_Data_Provider6" name="loginTest" time="17.939"/>
  <testcase classname="firstdemo6.tco4_Data_Provider6" name="loginTest" time="16.407"/>
</testsuite> <!-- firstdemo6.tco4_Data_Provider6 -->
