<?xml version="1.0" encoding="UTF-8"?>
<!-- Generated by org.testng.reporters.JUnitReportReporter -->
<testsuite hostname="Saryu-PC" failures="0" tests="1" name="Day_018_Waits.TC02_Fluent_Wait" time="20.653" errors="0" timestamp="2019-11-23T16:30:27 IST" skipped="0">
  <testcase classname="Day_018_Waits.TC02_Fluent_Wait" name="Login_Test" time="20.653"/>
</testsuite> <!-- Day_018_Waits.TC02_Fluent_Wait -->
