<?xml version="1.0" encoding="UTF-8"?>
<!-- Generated by org.testng.reporters.JUnitReportReporter -->
<testsuite hostname="Saryu-PC" failures="0" tests="1" name="Day_001_Demo.TC01_Add_Jobs" time="19.320" errors="0" timestamp="2019-12-01T20:50:35 IST" skipped="0">
  <testcase classname="Day_001_Demo.TC01_Add_Jobs" name="login_test" time="19.320"/>
</testsuite> <!-- Day_001_Demo.TC01_Add_Jobs -->
