<?xml version="1.0" encoding="UTF-8"?>
<!-- Generated by org.testng.reporters.JUnitReportReporter -->
<testsuite hostname="Saryu-PC" failures="0" tests="1" name="Day_023_File_Upload_Download.TC01_AddPhoto_Existing_Employee" time="62.241" errors="0" timestamp="2019-11-29T06:26:29 IST" skipped="0">
  <testcase classname="Day_023_File_Upload_Download.TC01_AddPhoto_Existing_Employee" name="AddEmployee_call_allmethods" time="62.241"/>
</testsuite> <!-- Day_023_File_Upload_Download.TC01_AddPhoto_Existing_Employee -->
