<?xml version="1.0" encoding="UTF-8"?>
<!-- Generated by org.testng.reporters.JUnitReportReporter -->
<testsuite hostname="Saryu-PC" failures="0" tests="1" name="Day_016_ParallelClasses1.TC02_Add_Jobs" time="41.823" errors="0" timestamp="2019-12-06T04:54:40 IST" skipped="0">
  <testcase classname="Day_016_ParallelClasses1.TC02_Add_Jobs" name="login_test1" time="41.823"/>
</testsuite> <!-- Day_016_ParallelClasses1.TC02_Add_Jobs -->
