<?xml version="1.0" encoding="UTF-8"?>
<!-- Generated by org.testng.reporters.JUnitReportReporter -->
<testsuite hostname="Saryu-PC" failures="0" tests="1" name="firstdemo8.tc_staticparameters" time="23.230" errors="0" timestamp="2019-11-28T10:36:02 IST" skipped="0">
  <testcase classname="firstdemo8.tc_staticparameters" name="Login_Test" time="23.230"/>
</testsuite> <!-- firstdemo8.tc_staticparameters -->
