<?xml version="1.0" encoding="UTF-8"?>
<!-- Generated by org.testng.reporters.JUnitReportReporter -->
<testsuite hostname="Saryu-PC" failures="0" tests="5" name="Day_002_Java.TC03_Login_Static_Paarameters_Data_Provider" time="103.890" errors="0" timestamp="2019-12-09T19:42:29 IST" skipped="0">
  <testcase classname="Day_002_Java.TC03_Login_Static_Paarameters_Data_Provider" name="Login_Test" time="22.006"/>
  <testcase classname="Day_002_Java.TC03_Login_Static_Paarameters_Data_Provider" name="Login_Test" time="20.241"/>
  <testcase classname="Day_002_Java.TC03_Login_Static_Paarameters_Data_Provider" name="Login_Test" time="17.906"/>
  <testcase classname="Day_002_Java.TC03_Login_Static_Paarameters_Data_Provider" name="Login_Test" time="20.709"/>
  <testcase classname="Day_002_Java.TC03_Login_Static_Paarameters_Data_Provider" name="Login_Test" time="23.028"/>
</testsuite> <!-- Day_002_Java.TC03_Login_Static_Paarameters_Data_Provider -->
