<?xml version="1.0" encoding="UTF-8"?>
<!-- Generated by org.testng.reporters.JUnitReportReporter -->
<testsuite hostname="Saryu-PC" failures="0" tests="1" name="Day_027_Alerts.DemoWebAlert" time="14.477" errors="0" timestamp="2019-12-01T08:14:28 IST" skipped="0">
  <testcase classname="Day_027_Alerts.DemoWebAlert" name="Test6" time="14.477"/>
</testsuite> <!-- Day_027_Alerts.DemoWebAlert -->
