<?xml version="1.0" encoding="UTF-8"?>
<!-- Generated by org.testng.reporters.JUnitReportReporter -->
<testsuite hostname="Saryu-PC" failures="0" tests="1" name="Day_002_Java.TC01_Login" time="32.391" errors="0" timestamp="2019-11-11T19:53:38 IST" skipped="0">
  <testcase classname="Day_002_Java.TC01_Login" name="loginTest1" time="32.391"/>
</testsuite> <!-- Day_002_Java.TC01_Login -->
