<?xml version="1.0" encoding="UTF-8"?>
<!-- Generated by org.testng.reporters.JUnitReportReporter -->
<testsuite hostname="Saryu-PC" failures="0" tests="2" name="Day_014_ParallelMethods.AllTests" time="22.499" errors="0" timestamp="2019-11-22T11:22:20 IST" skipped="0">
  <testcase classname="Day_014_ParallelMethods.AllTests" name="Mercury" time="10.742"/>
  <testcase classname="Day_014_ParallelMethods.AllTests" name="OrangeHRM" time="11.757"/>
</testsuite> <!-- Day_014_ParallelMethods.AllTests -->
