<?xml version="1.0" encoding="UTF-8"?>
<!-- Generated by org.testng.reporters.JUnitReportReporter -->
<testsuite hostname="Saryu-PC" failures="0" tests="1" name="Day_023_File_Upload_Download.FileUpload" time="49.191" errors="0" timestamp="2019-11-29T06:32:57 IST" skipped="0">
  <testcase classname="Day_023_File_Upload_Download.FileUpload" name="File_upload" time="49.191"/>
</testsuite> <!-- Day_023_File_Upload_Download.FileUpload -->
