<?xml version="1.0" encoding="UTF-8"?>
<!-- Generated by org.testng.reporters.JUnitReportReporter -->
<testsuite hostname="Saryu-PC" failures="0" tests="1" name="Day_024_Advanced_Xpaths.TC001_Absolute_Xpath" time="17.984" errors="0" timestamp="2019-12-03T06:16:14 IST" skipped="0">
  <testcase classname="Day_024_Advanced_Xpaths.TC001_Absolute_Xpath" name="Test1" time="17.984"/>
</testsuite> <!-- Day_024_Advanced_Xpaths.TC001_Absolute_Xpath -->
