<?xml version="1.0" encoding="UTF-8"?>
<!-- Generated by org.testng.reporters.JUnitReportReporter -->
<testsuite hostname="Saryu-PC" failures="0" tests="1" name="firstdemo8.tc_nonstaticparameters" time="18.990" errors="0" timestamp="2019-11-29T09:42:00 IST" skipped="0">
  <testcase classname="firstdemo8.tc_nonstaticparameters" name="Login_Test" time="18.990"/>
</testsuite> <!-- firstdemo8.tc_nonstaticparameters -->
