<?xml version="1.0" encoding="UTF-8"?>
<!-- Generated by org.testng.reporters.JUnitReportReporter -->
<testsuite hostname="Saryu-PC" failures="0" tests="1" name="firstdemo6.tco3" time="21.496" errors="0" timestamp="2019-12-03T20:00:27 IST" skipped="0">
  <testcase classname="firstdemo6.tco3" name="loginTest" time="21.496"/>
</testsuite> <!-- firstdemo6.tco3 -->
