<?xml version="1.0" encoding="UTF-8"?>
<!-- Generated by org.testng.reporters.JUnitReportReporter -->
<testsuite hostname="Saryu-PC" failures="0" tests="1" name="Day_026_TakeScreenShot.Test3" time="16.613" errors="0" timestamp="2019-11-28T07:00:18 IST" skipped="0">
  <testcase classname="Day_026_TakeScreenShot.Test3" name="AddNationalitiess" time="16.613"/>
</testsuite> <!-- Day_026_TakeScreenShot.Test3 -->
