<?xml version="1.0" encoding="UTF-8"?>
<!-- Generated by org.testng.reporters.JUnitReportReporter -->
<testsuite hostname="Saryu-PC" failures="0" tests="1" name="Day_024_Advanced_Xpaths.TC003_OR_AND" time="25.344" errors="0" timestamp="2019-12-03T06:23:38 IST" skipped="0">
  <testcase classname="Day_024_Advanced_Xpaths.TC003_OR_AND" name="Test1" time="25.344"/>
</testsuite> <!-- Day_024_Advanced_Xpaths.TC003_OR_AND -->
