<?xml version="1.0" encoding="UTF-8"?>
<!-- Generated by org.testng.reporters.JUnitReportReporter -->
<testsuite hostname="Saryu-PC" failures="0" tests="1" name="Day_31_FailedTestCases.MercuryTest" time="15.051" errors="0" timestamp="2019-12-08T07:13:10 IST" skipped="0">
  <testcase classname="Day_31_FailedTestCases.MercuryTest" name="Open_Mercury" time="15.051"/>
</testsuite> <!-- Day_31_FailedTestCases.MercuryTest -->
