<?xml version="1.0" encoding="UTF-8"?>
<!-- Generated by org.testng.reporters.JUnitReportReporter -->
<testsuite hostname="Saryu-PC" failures="0" tests="1" name="Day_024_Advanced_Xpaths.TC007_Ancestor" time="32.493" errors="0" timestamp="2019-12-04T06:10:15 IST" skipped="0">
  <testcase classname="Day_024_Advanced_Xpaths.TC007_Ancestor" name="Test1" time="32.493"/>
</testsuite> <!-- Day_024_Advanced_Xpaths.TC007_Ancestor -->
