<?xml version="1.0" encoding="UTF-8"?>
<!-- Generated by org.testng.reporters.JUnitReportReporter -->
<testsuite hostname="Saryu-PC" failures="0" tests="1" name="Day_018_Waits.TC01_Explicit_Wait" time="20.827" errors="0" timestamp="2019-11-23T16:29:43 IST" skipped="0">
  <testcase classname="Day_018_Waits.TC01_Explicit_Wait" name="Login_Test" time="20.827"/>
</testsuite> <!-- Day_018_Waits.TC01_Explicit_Wait -->
