<?xml version="1.0" encoding="UTF-8"?>
<!-- Generated by org.testng.reporters.JUnitReportReporter -->
<testsuite hostname="Saryu-PC" failures="0" tests="1" name="Day_022_Action_class.TC02_Double_Click" time="22.311" errors="0" timestamp="2019-11-28T06:46:34 IST" skipped="0">
  <testcase classname="Day_022_Action_class.TC02_Double_Click" name="Login_Test" time="22.311"/>
</testsuite> <!-- Day_022_Action_class.TC02_Double_Click -->
