<?xml version="1.0" encoding="UTF-8"?>
<!-- Generated by org.testng.reporters.JUnitReportReporter -->
<testsuite hostname="Saryu-PC" failures="0" tests="1" name="Day_009_Extent_Reports.ExtentReport_Test" time="17.547" errors="0" timestamp="2019-11-20T06:33:07 IST" skipped="0">
  <testcase classname="Day_009_Extent_Reports.ExtentReport_Test" name="Report3_Test" time="17.547"/>
</testsuite> <!-- Day_009_Extent_Reports.ExtentReport_Test -->
