<?xml version="1.0" encoding="UTF-8"?>
<!-- Generated by org.testng.reporters.JUnitReportReporter -->
<testsuite hostname="Saryu-PC" failures="0" tests="1" name="Day_010_Custimize_EmailableReport_Lab1.TC01_Skills" time="19.039" errors="0" timestamp="2019-11-18T06:35:41 IST" skipped="0">
  <testcase classname="Day_010_Custimize_EmailableReport_Lab1.TC01_Skills" name="TC01_Report_Test" time="19.039"/>
</testsuite> <!-- Day_010_Custimize_EmailableReport_Lab1.TC01_Skills -->
