<?xml version="1.0" encoding="UTF-8"?>
<!-- Generated by org.testng.reporters.JUnitReportReporter -->
<testsuite hostname="Saryu-PC" failures="0" tests="1" name="Day_016_ParallelClasses1.OrangeHRMTest" time="17.146" errors="0" timestamp="2019-12-06T04:17:25 IST" skipped="0">
  <testcase classname="Day_016_ParallelClasses1.OrangeHRMTest" name="Open_OrangeHRM" time="17.146"/>
</testsuite> <!-- Day_016_ParallelClasses1.OrangeHRMTest -->
