<?xml version="1.0" encoding="UTF-8"?>
<!-- Generated by org.testng.reporters.JUnitReportReporter -->
<testsuite hostname="Saryu-PC" failures="0" tests="1" name="Day_024_Advanced_Xpaths.TC008_Child" time="29.450" errors="0" timestamp="2019-12-04T06:12:40 IST" skipped="0">
  <testcase classname="Day_024_Advanced_Xpaths.TC008_Child" name="Test1" time="29.450"/>
</testsuite> <!-- Day_024_Advanced_Xpaths.TC008_Child -->
