<?xml version="1.0" encoding="UTF-8"?>
<!-- Generated by org.testng.reporters.JUnitReportReporter -->
<testsuite hostname="Saryu-PC" failures="0" tests="1" name="Day_026_TakeScreenShot.Test2" time="44.165" errors="0" timestamp="2019-11-23T06:10:33 IST" skipped="0">
  <testcase classname="Day_026_TakeScreenShot.Test2" name="AddNationalitiess" time="44.165"/>
</testsuite> <!-- Day_026_TakeScreenShot.Test2 -->
