<?xml version="1.0" encoding="UTF-8"?>
<!-- Generated by org.testng.reporters.JUnitReportReporter -->
<testsuite hostname="Saryu-PC" failures="0" tests="1" name="Day_016_ParallelClasses.OrangeHRMTest" time="17.281" errors="0" timestamp="2019-11-21T06:21:49 IST" skipped="0">
  <testcase classname="Day_016_ParallelClasses.OrangeHRMTest" name="Open_OrangeHRM" time="17.281"/>
</testsuite> <!-- Day_016_ParallelClasses.OrangeHRMTest -->
