<?xml version="1.0" encoding="UTF-8"?>
<!-- Generated by org.testng.reporters.JUnitReportReporter -->
<testsuite hostname="Saryu-PC" failures="0" tests="1" name="Day_001_Demo.TC01_SUM" time="0.020" errors="0" timestamp="2019-11-22T04:58:30 IST" skipped="0">
  <testcase classname="Day_001_Demo.TC01_SUM" name="Hello" time="0.020"/>
</testsuite> <!-- Day_001_Demo.TC01_SUM -->
