<?xml version="1.0" encoding="UTF-8"?>
<!-- Generated by org.testng.reporters.JUnitReportReporter -->
<testsuite hostname="Saryu-PC" failures="0" tests="3" name="Day_013_TestNG_Paraneters1.BrowserTesting_DataProvider3" time="29.305" errors="0" timestamp="2019-11-22T11:09:57 IST" skipped="0">
  <testcase classname="Day_013_TestNG_Paraneters1.BrowserTesting_DataProvider3" name="Test3" time="6.363"/>
  <testcase classname="Day_013_TestNG_Paraneters1.BrowserTesting_DataProvider3" name="Test3" time="6.904"/>
  <testcase classname="Day_013_TestNG_Paraneters1.BrowserTesting_DataProvider3" name="Test3" time="16.038"/>
</testsuite> <!-- Day_013_TestNG_Paraneters1.BrowserTesting_DataProvider3 -->
