<?xml version="1.0" encoding="UTF-8"?>
<!-- Generated by org.testng.reporters.JUnitReportReporter -->
<testsuite hostname="Saryu-PC" failures="0" tests="1" name="Day_022_Action_class.TC01_Mouse_Hover_Action3" time="12.627" errors="0" timestamp="2019-11-15T22:24:46 IST" skipped="0">
  <testcase classname="Day_022_Action_class.TC01_Mouse_Hover_Action3" name="Login_Test" time="12.627"/>
</testsuite> <!-- Day_022_Action_class.TC01_Mouse_Hover_Action3 -->
