<?xml version="1.0" encoding="UTF-8"?>
<!-- Generated by org.testng.reporters.JUnitReportReporter -->
<testsuite hostname="Saryu-PC" failures="0" tests="1" name="firstdemo8.tc05" time="14.700" errors="0" timestamp="2019-11-27T10:13:32 IST" skipped="0">
  <testcase classname="firstdemo8.tc05" name="loginTest" time="14.700"/>
</testsuite> <!-- firstdemo8.tc05 -->
