<?xml version="1.0" encoding="UTF-8"?>
<!-- Generated by org.testng.reporters.JUnitReportReporter -->
<testsuite hostname="Saryu-PC" failures="0" tests="1" name="Day_029_PageObjectModel.TC01_Book_OneWay_Flight" time="26.141" errors="0" timestamp="2019-11-26T06:47:05 IST" skipped="0">
  <testcase classname="Day_029_PageObjectModel.TC01_Book_OneWay_Flight" name="Book_OneWay_Flight" time="26.141"/>
</testsuite> <!-- Day_029_PageObjectModel.TC01_Book_OneWay_Flight -->
