<?xml version="1.0" encoding="UTF-8"?>
<!-- Generated by org.testng.reporters.JUnitReportReporter -->
<testsuite hostname="Saryu-PC" failures="0" tests="1" name="firstdemo8.tc_nonstaticparameters6" time="19.908" errors="0" timestamp="2019-12-03T10:13:03 IST" skipped="0">
  <testcase classname="firstdemo8.tc_nonstaticparameters6" name="Login_Test" time="19.908"/>
</testsuite> <!-- firstdemo8.tc_nonstaticparameters6 -->
