<?xml version="1.0" encoding="UTF-8"?>
<!-- Generated by org.testng.reporters.JUnitReportReporter -->
<testsuite hostname="Saryu-PC" failures="0" tests="1" name="Day_001_Demo.TC02_GitHub_Chrome" time="18.547" errors="0" timestamp="2019-11-18T06:29:48 IST" skipped="0">
  <testcase classname="Day_001_Demo.TC02_GitHub_Chrome" name="login_test" time="18.547"/>
</testsuite> <!-- Day_001_Demo.TC02_GitHub_Chrome -->
