<?xml version="1.0" encoding="UTF-8"?>
<!-- Generated by org.testng.reporters.JUnitReportReporter -->
<testsuite hostname="Saryu-PC" failures="0" tests="3" name="firstdemo6.tco4_Data_Provider5" time="54.017" errors="0" timestamp="2019-12-04T19:47:05 IST" skipped="0">
  <testcase classname="firstdemo6.tco4_Data_Provider5" name="loginTest" time="16.756"/>
  <testcase classname="firstdemo6.tco4_Data_Provider5" name="loginTest" time="17.014"/>
  <testcase classname="firstdemo6.tco4_Data_Provider5" name="loginTest" time="20.247"/>
</testsuite> <!-- firstdemo6.tco4_Data_Provider5 -->
