<?xml version="1.0" encoding="UTF-8"?>
<!-- Generated by org.testng.reporters.JUnitReportReporter -->
<testsuite hostname="Saryu-PC" failures="0" tests="1" name="FirstDemo5.TC01_Login2" time="20.757" errors="0" timestamp="2019-11-24T08:33:20 IST" skipped="0">
  <testcase classname="FirstDemo5.TC01_Login2" name="loginTest" time="20.757"/>
</testsuite> <!-- FirstDemo5.TC01_Login2 -->
