<?xml version="1.0" encoding="UTF-8"?>
<!-- Generated by org.testng.reporters.JUnitReportReporter -->
<testsuite hostname="Saryu-PC" failures="0" tests="1" name="FirstDemo1.TC01_Login" time="22.317" errors="0" timestamp="2019-11-30T19:53:06 IST" skipped="0">
  <testcase classname="FirstDemo1.TC01_Login" name="Login_Test" time="22.317"/>
</testsuite> <!-- FirstDemo1.TC01_Login -->
