<?xml version="1.0" encoding="UTF-8"?>
<!-- Generated by org.testng.reporters.JUnitReportReporter -->
<testsuite hostname="Saryu-PC" failures="0" tests="1" name="Day_016_ParallelClasses1.TC01_Add_Nationalities" time="33.983" errors="0" timestamp="2019-12-06T04:54:40 IST" skipped="0">
  <testcase classname="Day_016_ParallelClasses1.TC01_Add_Nationalities" name="Open_OrangeHRM" time="33.983"/>
</testsuite> <!-- Day_016_ParallelClasses1.TC01_Add_Nationalities -->
