<?xml version="1.0" encoding="UTF-8"?>
<!-- Generated by org.testng.reporters.JUnitReportReporter -->
<testsuite hostname="Saryu-PC" failures="0" tests="1" name="Day_010_Extent_Reports.ExtentReport_Test" time="15.578" errors="0" timestamp="2019-11-23T16:04:41 IST" skipped="0">
  <testcase classname="Day_010_Extent_Reports.ExtentReport_Test" name="Report3_Test" time="15.578"/>
</testsuite> <!-- Day_010_Extent_Reports.ExtentReport_Test -->
