<?xml version="1.0" encoding="UTF-8"?>
<!-- Generated by org.testng.reporters.JUnitReportReporter -->
<testsuite hostname="Saryu-PC" failures="0" tests="1" name="Day_015_ParallelTests.OrangeHRMTest" time="10.226" errors="0" timestamp="2019-11-22T11:25:27 IST" skipped="0">
  <testcase classname="Day_015_ParallelTests.OrangeHRMTest" name="Open_OrangeHRM" time="10.226"/>
</testsuite> <!-- Day_015_ParallelTests.OrangeHRMTest -->
