<?xml version="1.0" encoding="UTF-8"?>
<!-- Generated by org.testng.reporters.JUnitReportReporter -->
<testsuite hostname="Saryu-PC" failures="0" tests="1" name="Day_016_ParallelClasses1.MercuryTest" time="11.250" errors="0" timestamp="2019-12-06T03:58:58 IST" skipped="0">
  <testcase classname="Day_016_ParallelClasses1.MercuryTest" name="Open_Mercury" time="11.250"/>
</testsuite> <!-- Day_016_ParallelClasses1.MercuryTest -->
