<?xml version="1.0" encoding="UTF-8"?>
<!-- Generated by org.testng.reporters.JUnitReportReporter -->
<testsuite hostname="Saryu-PC" failures="0" tests="1" name="Day_025_ExcelUtil_Apache_POI.TC03_Excel_Test_xls" time="1.099" errors="0" timestamp="2019-12-08T06:58:13 IST" skipped="0">
  <testcase classname="Day_025_ExcelUtil_Apache_POI.TC03_Excel_Test_xls" name="hello" time="1.099"/>
</testsuite> <!-- Day_025_ExcelUtil_Apache_POI.TC03_Excel_Test_xls -->
