<?xml version="1.0" encoding="UTF-8"?>
<!-- Generated by org.testng.reporters.JUnitReportReporter -->
<testsuite hostname="Saryu-PC" failures="0" tests="1" name="Day_003_Locators.TC01_Xpath" time="28.965" errors="0" timestamp="2019-12-09T20:21:50 IST" skipped="0">
  <testcase classname="Day_003_Locators.TC01_Xpath" name="Test210" time="28.965"/>
</testsuite> <!-- Day_003_Locators.TC01_Xpath -->
