<?xml version="1.0" encoding="UTF-8"?>
<!-- Generated by org.testng.reporters.JUnitReportReporter -->
<testsuite hostname="Saryu-PC" failures="0" tests="1" name="Day1234.TC01_Login" time="19.396" errors="0" timestamp="2019-12-05T20:24:09 IST" skipped="0">
  <testcase classname="Day1234.TC01_Login" name="Login_Test" time="19.396"/>
</testsuite> <!-- Day1234.TC01_Login -->
