<?xml version="1.0" encoding="UTF-8"?>
<!-- Generated by org.testng.reporters.JUnitReportReporter -->
<testsuite hostname="Saryu-PC" failures="0" tests="1" name="Day_030_PageFactory.TC01_Book_OneWay_Flight" time="28.801" errors="0" timestamp="2019-11-27T11:35:37 IST" skipped="0">
  <testcase classname="Day_030_PageFactory.TC01_Book_OneWay_Flight" name="Book_OneWay_Flight" time="28.801"/>
</testsuite> <!-- Day_030_PageFactory.TC01_Book_OneWay_Flight -->
