<?xml version="1.0" encoding="UTF-8"?>
<!-- Generated by org.testng.reporters.JUnitReportReporter -->
<testsuite hostname="Saryu-PC" failures="0" tests="1" name="Day_028_WebTable_Examples.ExportEmployees" time="26.087" errors="0" timestamp="2019-12-02T07:00:24 IST" skipped="0">
  <testcase classname="Day_028_WebTable_Examples.ExportEmployees" name="ExportAllEmployees" time="26.087"/>
</testsuite> <!-- Day_028_WebTable_Examples.ExportEmployees -->
