<?xml version="1.0" encoding="UTF-8"?>
<!-- Generated by org.testng.reporters.JUnitReportReporter -->
<testsuite hostname="Saryu-PC" failures="0" tests="2" name="Day_006_TestNG_DataProvider_Lab2.OrangeHRM_DataProvider_Lab1" time="35.295" errors="0" timestamp="2019-11-22T10:48:11 IST" skipped="0">
  <testcase classname="Day_006_TestNG_DataProvider_Lab2.OrangeHRM_DataProvider_Lab1" name="Test1" time="17.050"/>
  <testcase classname="Day_006_TestNG_DataProvider_Lab2.OrangeHRM_DataProvider_Lab1" name="Test1" time="18.245"/>
</testsuite> <!-- Day_006_TestNG_DataProvider_Lab2.OrangeHRM_DataProvider_Lab1 -->
