<?xml version="1.0" encoding="UTF-8"?>
<!-- Generated by org.testng.reporters.JUnitReportReporter -->
<testsuite hostname="Saryu-PC" failures="0" tests="1" name="Day_025_ExcelUtil_Apache_POI.TC04_Excel_Test_xlsx" time="2.475" errors="0" timestamp="2019-12-08T06:54:58 IST" skipped="0">
  <testcase classname="Day_025_ExcelUtil_Apache_POI.TC04_Excel_Test_xlsx" name="hello" time="2.475"/>
</testsuite> <!-- Day_025_ExcelUtil_Apache_POI.TC04_Excel_Test_xlsx -->
