<?xml version="1.0" encoding="UTF-8"?>
<!-- Generated by org.testng.reporters.JUnitReportReporter -->
<testsuite hostname="Saryu-PC" failures="0" tests="1" name="Day_026_TakeScreenShot.Test4" time="19.027" errors="0" timestamp="2019-12-01T08:07:52 IST" skipped="0">
  <testcase classname="Day_026_TakeScreenShot.Test4" name="AddNationalitiess" time="19.027"/>
</testsuite> <!-- Day_026_TakeScreenShot.Test4 -->
