<?xml version="1.0" encoding="UTF-8"?>
<!-- Generated by org.testng.reporters.JUnitReportReporter -->
<testsuite hostname="Saryu-PC" failures="0" tests="1" name="Day_024_Advanced_Xpaths.TC011_Parent" time="30.635" errors="0" timestamp="2019-12-04T06:14:48 IST" skipped="0">
  <testcase classname="Day_024_Advanced_Xpaths.TC011_Parent" name="Test1" time="30.635"/>
</testsuite> <!-- Day_024_Advanced_Xpaths.TC011_Parent -->
