<?xml version="1.0" encoding="UTF-8"?>
<!-- Generated by org.testng.reporters.JUnitReportReporter -->
<testsuite hostname="Saryu-PC" failures="0" tests="1" name="Day_022_Action_class.TC03_Context_Menu" time="11.183" errors="0" timestamp="2019-11-28T06:50:47 IST" skipped="0">
  <testcase classname="Day_022_Action_class.TC03_Context_Menu" name="Login_Test" time="11.183"/>
</testsuite> <!-- Day_022_Action_class.TC03_Context_Menu -->
