<?xml version="1.0" encoding="UTF-8"?>
<!-- Generated by org.testng.reporters.JUnitReportReporter -->
<testsuite hostname="Saryu-PC" failures="0" tests="1" name="firstdemo6.tco1" time="19.672" errors="0" timestamp="2019-11-26T09:54:15 IST" skipped="0">
  <testcase classname="firstdemo6.tco1" name="loginTest" time="19.672"/>
</testsuite> <!-- firstdemo6.tco1 -->
